#
# There is insufficient memory for the Java Runtime Environment to continue.
# Native memory allocation (mmap) failed to map 67108864 bytes for G1 virtual space
# Possible reasons:
#   The system is out of physical RAM or swap space
#   The process is running with CompressedOops enabled, and the Java Heap may be blocking the growth of the native heap
# Possible solutions:
#   Reduce memory load on the system
#   Increase physical memory or swap space
#   Check if swap backing store is full
#   Decrease Java heap size (-Xmx/-Xms)
#   Decrease number of Java threads
#   Decrease Java thread stack sizes (-Xss)
#   Set larger code cache with -XX:ReservedCodeCacheSize=
#   JVM is running with Unscaled Compressed Oops mode in which the Java heap is
#     placed in the first 4GB address space. The Java Heap base address is the
#     maximum limit for the native heap growth. Please use -XX:HeapBaseMinAddress
#     to set the Java Heap base and to place the Java Heap above 4GB virtual address.
# This output file may be truncated or incomplete.
#
#  Out of Memory Error (os_windows.cpp:3548), pid=11704, tid=8316
#
# JRE version:  (17.0.11+7) (build )
# Java VM: Java HotSpot(TM) 64-Bit Server VM (17.0.11+7-LTS-207, mixed mode, sharing, tiered, compressed oops, compressed class ptrs, g1 gc, windows-amd64)
# No core dump will be written. Minidumps are not enabled by default on client versions of Windows
#

---------------  S U M M A R Y ------------

Command Line: -Dfile.encoding=UTF-8 -Dstdout.encoding=UTF-8 -Dstderr.encoding=UTF-8 -XX:+ShowCodeDetailsInExceptionMessages polymor_phisam__compiletime.Com_pile_time

Host: Intel(R) Core(TM) i3-7100U CPU @ 2.40GHz, 4 cores, 3G,  Windows 10 , 64 bit Build 19041 (10.0.19041.1889)
Time: Tue Aug 20 17:22:11 2024 Sri Lanka Standard Time elapsed time: 0.020985 seconds (0d 0h 0m 0s)

---------------  T H R E A D  ---------------

Current thread (0x0000024c7021b430):  JavaThread "Unknown thread" [_thread_in_vm, id=8316, stack(0x000000bb45600000,0x000000bb45700000)]

Stack: [0x000000bb45600000,0x000000bb45700000]
Native frames: (J=compiled Java code, j=interpreted, Vv=VM code, C=native code)
V  [jvm.dll+0x679cca]
V  [jvm.dll+0x7da13d]
V  [jvm.dll+0x7dba83]
V  [jvm.dll+0x7dc0f3]
V  [jvm.dll+0x2449af]
V  [jvm.dll+0x676ce9]
V  [jvm.dll+0x66b852]
V  [jvm.dll+0x3018d6]
V  [jvm.dll+0x308e76]
V  [jvm.dll+0x3596ee]
V  [jvm.dll+0x35991f]
V  [jvm.dll+0x2d89a8]
V  [jvm.dll+0x2d9914]
V  [jvm.dll+0x7ac6b1]
V  [jvm.dll+0x366f61]
V  [jvm.dll+0x78b609]
V  [jvm.dll+0x3ec22f]
V  [jvm.dll+0x3ede61]
C  [jli.dll+0x5297]
C  [ucrtbase.dll+0x21bb2]
C  [KERNEL32.DLL+0x17034]
C  [ntdll.dll+0x52651]


---------------  P R O C E S S  ---------------

Threads class SMR info:
_java_thread_list=0x00007ffdb16d7a18, length=0, elements={
}

Java Threads: ( => current thread )

Other Threads:
  0x0000024c70257500 GCTaskThread "GC Thread#0" [stack: 0x000000bb45700000,0x000000bb45800000] [id=9116]
  0x0000024c70261c50 ConcurrentGCThread "G1 Main Marker" [stack: 0x000000bb45800000,0x000000bb45900000] [id=13768]
  0x0000024c70262570 ConcurrentGCThread "G1 Conc#0" [stack: 0x000000bb45900000,0x000000bb45a00000] [id=13912]

[error occurred during error reporting (printing all threads), id 0xc0000005, EXCEPTION_ACCESS_VIOLATION (0xc0000005) at pc=0x00007ffdb0f09497]

VM state: not at safepoint (not fully initialized)

VM Mutex/Monitor currently owned by a thread:  ([mutex/lock_event])
[0x0000024c70215cc0] Heap_lock - owner thread: 0x0000024c7021b430

Heap address: 0x00000000c1600000, size: 1002 MB, Compressed Oops mode: 32-bit

CDS archive(s) mapped at: [0x0000000000000000-0x0000000000000000-0x0000000000000000), size 0, SharedBaseAddress: 0x0000000800000000, ArchiveRelocationMode: 1.
Narrow klass base: 0x0000000000000000, Narrow klass shift: 0, Narrow klass range: 0x0

GC Precious Log:
<Empty>

Heap:
 garbage-first heap   total 0K, used 0K [0x00000000c1600000, 0x0000000100000000)
  region size 1024K, 0 young (0K), 0 survivors (0K)

[error occurred during error reporting (printing heap information), id 0xc0000005, EXCEPTION_ACCESS_VIOLATION (0xc0000005) at pc=0x00007ffdb12f3559]

GC Heap History (0 events):
No events

Deoptimization events (0 events):
No events

Classes unloaded (0 events):
No events

Classes redefined (0 events):
No events

Internal exceptions (0 events):
No events

VM Operations (0 events):
No events

Events (1 events):
Event: 0.014 Loaded shared library C:\Program Files\Java\jdk-17\bin\java.dll


Dynamic libraries:
0x00007ff605900000 - 0x00007ff605910000 	C:\Program Files\Java\jdk-17\bin\javaw.exe
0x00007ffdf9df0000 - 0x00007ffdf9fe8000 	C:\WINDOWS\SYSTEM32\ntdll.dll
0x00007ffdf9960000 - 0x00007ffdf9a1d000 	C:\WINDOWS\System32\KERNEL32.DLL
0x00007ffdf7b50000 - 0x00007ffdf7e1e000 	C:\WINDOWS\System32\KERNELBASE.dll
0x00007ffdf7840000 - 0x00007ffdf7940000 	C:\WINDOWS\System32\ucrtbase.dll
0x00007ffdc4150000 - 0x00007ffdc416b000 	C:\Program Files\Java\jdk-17\bin\VCRUNTIME140.dll
0x00007ffdccb10000 - 0x00007ffdccb29000 	C:\Program Files\Java\jdk-17\bin\jli.dll
0x00007ffdf8400000 - 0x00007ffdf84ae000 	C:\WINDOWS\System32\ADVAPI32.dll
0x00007ffdf8290000 - 0x00007ffdf832e000 	C:\WINDOWS\System32\msvcrt.dll
0x00007ffdf85b0000 - 0x00007ffdf864c000 	C:\WINDOWS\System32\sechost.dll
0x00007ffdf9660000 - 0x00007ffdf9785000 	C:\WINDOWS\System32\RPCRT4.dll
0x00007ffdf8800000 - 0x00007ffdf89a0000 	C:\WINDOWS\System32\USER32.dll
0x00007ffdf76b0000 - 0x00007ffdf76d2000 	C:\WINDOWS\System32\win32u.dll
0x00007ffdf8a10000 - 0x00007ffdf8a3a000 	C:\WINDOWS\System32\GDI32.dll
0x00007ffdf74e0000 - 0x00007ffdf75eb000 	C:\WINDOWS\System32\gdi32full.dll
0x00007ffdf7940000 - 0x00007ffdf79dd000 	C:\WINDOWS\System32\msvcp_win.dll
0x00007ffddfa40000 - 0x00007ffddfcda000 	C:\WINDOWS\WinSxS\amd64_microsoft.windows.common-controls_6595b64144ccf1df_6.0.19041.1110_none_60b5254171f9507e\COMCTL32.dll
0x00007ffdf0d50000 - 0x00007ffdf0d5a000 	C:\WINDOWS\SYSTEM32\VERSION.dll
0x00007ffdf8510000 - 0x00007ffdf8540000 	C:\WINDOWS\System32\IMM32.DLL
0x00007ffdc7c90000 - 0x00007ffdc7c9c000 	C:\Program Files\Java\jdk-17\bin\vcruntime140_1.dll
0x00007ffdbabb0000 - 0x00007ffdbac3e000 	C:\Program Files\Java\jdk-17\bin\msvcp140.dll
0x00007ffdb0c20000 - 0x00007ffdb1800000 	C:\Program Files\Java\jdk-17\bin\server\jvm.dll
0x00007ffdf85a0000 - 0x00007ffdf85a8000 	C:\WINDOWS\System32\PSAPI.DLL
0x00007ffde24c0000 - 0x00007ffde24c9000 	C:\WINDOWS\SYSTEM32\WSOCK32.dll
0x00007ffde27e0000 - 0x00007ffde2807000 	C:\WINDOWS\SYSTEM32\WINMM.dll
0x00007ffdf89a0000 - 0x00007ffdf8a0b000 	C:\WINDOWS\System32\WS2_32.dll
0x00007ffdf5d70000 - 0x00007ffdf5d82000 	C:\WINDOWS\SYSTEM32\kernel.appcore.dll
0x00007ffde8a60000 - 0x00007ffde8a6a000 	C:\Program Files\Java\jdk-17\bin\jimage.dll
0x00007ffdf5a90000 - 0x00007ffdf5c74000 	C:\WINDOWS\SYSTEM32\DBGHELP.DLL
0x00007ffde2490000 - 0x00007ffde24bc000 	C:\WINDOWS\SYSTEM32\dbgcore.DLL
0x00007ffdf79e0000 - 0x00007ffdf7a62000 	C:\WINDOWS\System32\bcryptPrimitives.dll
0x00007ffdc3360000 - 0x00007ffdc3385000 	C:\Program Files\Java\jdk-17\bin\java.dll

dbghelp: loaded successfully - version: 4.0.5 - missing functions: none
symbol engine: initialized successfully - sym options: 0x614 - pdb path: .;C:\Program Files\Java\jdk-17\bin;C:\WINDOWS\SYSTEM32;C:\WINDOWS\WinSxS\amd64_microsoft.windows.common-controls_6595b64144ccf1df_6.0.19041.1110_none_60b5254171f9507e;C:\Program Files\Java\jdk-17\bin\server

VM Arguments:
jvm_args: -Dfile.encoding=UTF-8 -Dstdout.encoding=UTF-8 -Dstderr.encoding=UTF-8 -XX:+ShowCodeDetailsInExceptionMessages 
java_command: polymor_phisam__compiletime.Com_pile_time
java_class_path (initial): C:\Users\Welcome\eclipse-workspace\oops_All\bin
Launcher Type: SUN_STANDARD

[Global flags]
     intx CICompilerCount                          = 3                                         {product} {ergonomic}
     uint ConcGCThreads                            = 1                                         {product} {ergonomic}
     uint G1ConcRefinementThreads                  = 4                                         {product} {ergonomic}
   size_t G1HeapRegionSize                         = 1048576                                   {product} {ergonomic}
    uintx GCDrainStackTargetSize                   = 64                                        {product} {ergonomic}
   size_t InitialHeapSize                          = 67108864                                  {product} {ergonomic}
   size_t MarkStackSize                            = 4194304                                   {product} {ergonomic}
   size_t MaxHeapSize                              = 1050673152                                {product} {ergonomic}
   size_t MinHeapDeltaBytes                        = 1048576                                   {product} {ergonomic}
   size_t MinHeapSize                              = 8388608                                   {product} {ergonomic}
    uintx NonNMethodCodeHeapSize                   = 5832780                                {pd product} {ergonomic}
    uintx NonProfiledCodeHeapSize                  = 122912730                              {pd product} {ergonomic}
    uintx ProfiledCodeHeapSize                     = 122912730                              {pd product} {ergonomic}
    uintx ReservedCodeCacheSize                    = 251658240                              {pd product} {ergonomic}
     bool SegmentedCodeCache                       = true                                      {product} {ergonomic}
     bool ShowCodeDetailsInExceptionMessages       = true                                   {manageable} {command line}
   size_t SoftMaxHeapSize                          = 1050673152                             {manageable} {ergonomic}
     bool UseCompressedClassPointers               = true                           {product lp64_product} {ergonomic}
     bool UseCompressedOops                        = true                           {product lp64_product} {ergonomic}
     bool UseG1GC                                  = true                                      {product} {ergonomic}
     bool UseLargePagesIndividualAllocation        = false                                  {pd product} {ergonomic}

Logging:
Log output configuration:
 #0: stdout all=warning uptime,level,tags
 #1: stderr all=off uptime,level,tags

Environment Variables:
PATH=C:/Program Files/Java/jdk-17/bin/server;C:/Program Files/Java/jdk-17/bin;C:\Program Files\Java\jdk-17\bin;C:\Program Files\Common Files\Oracle\Java\javapath;C:\WINDOWS\system32;C:\WINDOWS;C:\WINDOWS\System32\Wbem;C:\WINDOWS\System32\WindowsPowerShell\v1.0\;C:\WINDOWS\System32\OpenSSH\;C:\Program Files\Microsoft SQL Server\130\Tools\Binn\;C:\Program Files\dotnet\;C:\Program Files\Microsoft SQL Server\Client SDK\ODBC\170\Tools\Binn\;C:\Program Files (x86)\Microsoft SQL Server\150\Tools\Binn\;C:\Program Files\Microsoft SQL Server\150\Tools\Binn\;C:\Program Files\Microsoft SQL Server\150\DTS\Binn\;C:\Program Files (x86)\Microsoft SQL Server\150\DTS\Binn\;C:\Program Files\Azure Data Studio\bin;C:\Program Files\nodejs\;C:\ProgramData\chocolatey\bin;C:\Users\Welcome\AppData\Local\Microsoft\WindowsApps;C:\Users\Welcome\.dotnet\tools;C:\Program Files\Azure Data Studio\bin;C:\Users\Welcome\AppData\Local\Programs\Microsoft VS Code\bin;C:\Users\Welcome\AppData\Roaming\npm;C:\Users\Welcome\eclipse\java-2024-032\eclipse;
USERNAME=Welcome
OS=Windows_NT
PROCESSOR_IDENTIFIER=Intel64 Family 6 Model 142 Stepping 9, GenuineIntel



---------------  S Y S T E M  ---------------

OS:
 Windows 10 , 64 bit Build 19041 (10.0.19041.1889)
OS uptime: 0 days 6:11 hours

CPU: total 4 (initial active 4) (2 cores per cpu, 2 threads per core) family 6 model 142 stepping 9 microcode 0xde, cx8, cmov, fxsr, ht, mmx, 3dnowpref, sse, sse2, sse3, ssse3, sse4.1, sse4.2, popcnt, lzcnt, tsc, tscinvbit, avx, avx2, aes, erms, clmul, bmi1, bmi2, adx, fma, vzeroupper, clflush, clflushopt

Memory: 4k page, system-wide physical 4007M (521M free)
TotalPageFile size 6923M (AvailPageFile size 55M)
current process WorkingSet (physical memory assigned to process): 10M, peak: 10M
current process commit charge ("private bytes"): 51M, peak: 115M

vm_info: Java HotSpot(TM) 64-Bit Server VM (17.0.11+7-LTS-207) for windows-amd64 JRE (17.0.11+7-LTS-207), built on Mar 11 2024 19:01:50 by "mach5one" with MS VC++ 17.6 (VS2022)

END.
